<?xml version="1.0" encoding="UTF-8"?>
<!-- Generated by org.testng.reporters.JUnitXMLReporter -->
<testsuite hostname="cntdev-HP-liteBook-840-G2" name="Regression suite 1" tests="2" failures="1" timestamp="16 Nov 2018 05:02:48 GMT" time="0.042" errors="0">
  <testcase name="@AfterMethod getstatus" time="0.0" classname="com.qa.post.Login">
    <failure type="java.lang.NullPointerException">
      <![CDATA[java.lang.NullPointerException
	at com.responsestatus.Testbase.getstatus(Testbase.java:63)
... Removed 26 stack frames]]>
    </failure>
  </testcase> <!-- @AfterMethod getstatus -->
  <testcase name="@BeforeMethod setup" time="0.0" classname="com.qa.post.Login">
    <skipped/>
  </testcase> <!-- @BeforeMethod setup -->
  <testcase name="@AfterMethod getstatus" time="0.0" classname="com.qa.post.Login">
    <skipped/>
  </testcase> <!-- @AfterMethod getstatus -->
  <testcase name="@AfterTest endreport" time="0.0" classname="com.qa.post.Login">
    <skipped/>
  </testcase> <!-- @AfterTest endreport -->
  <testcase name="invalidpassword" time="0.011" classname="com.qa.post.Login">
    <failure type="java.lang.NullPointerException">
      <![CDATA[java.lang.NullPointerException
	at com.qa.post.Login.invalidpassword(Login.java:110)
... Removed 24 stack frames]]>
    </failure>
  </testcase> <!-- invalidpassword -->
  <testcase name="validLogin" time="0.002" classname="com.qa.post.Login">
    <skipped/>
  </testcase> <!-- validLogin -->
</testsuite> <!-- Regression suite 1 -->
