<?xml version="1.0" encoding="UTF-8"?>
<testng-results skipped="0" failed="0" total="1" passed="1">
  <reporter-output>
  </reporter-output>
  <suite name="Default suite" duration-ms="4318" started-at="2019-02-09T12:10:44Z" finished-at="2019-02-09T12:10:48Z">
    <groups>
    </groups>
    <test name="Default test" duration-ms="4318" started-at="2019-02-09T12:10:44Z" finished-at="2019-02-09T12:10:48Z">
      <class name="com.qa.post.LoginAPITest">
        <test-method status="PASS" signature="pojodynamically()[pri:0, instance:com.qa.post.LoginAPITest@3159c4b8]" name="pojodynamically" is-config="true" duration-ms="10727" started-at="2019-02-09T17:40:33Z" finished-at="2019-02-09T17:40:44Z">
          <reporter-output>
          </reporter-output>
        </test-method> <!-- pojodynamically -->
        <test-method status="PASS" signature="startReport()[pri:0, instance:com.qa.post.LoginAPITest@3159c4b8]" name="startReport" is-config="true" duration-ms="512" started-at="2019-02-09T17:40:44Z" finished-at="2019-02-09T17:40:45Z">
          <reporter-output>
          </reporter-output>
        </test-method> <!-- startReport -->
        <test-method status="PASS" signature="setup()[pri:0, instance:com.qa.post.LoginAPITest@3159c4b8]" name="setup" is-config="true" duration-ms="18" started-at="2019-02-09T17:40:45Z" finished-at="2019-02-09T17:40:45Z">
          <reporter-output>
          </reporter-output>
        </test-method> <!-- setup -->
        <test-method status="PASS" signature="validLogin()[pri:0, instance:com.qa.post.LoginAPITest@3159c4b8]" name="validLogin" duration-ms="3226" started-at="2019-02-09T17:40:45Z" finished-at="2019-02-09T17:40:48Z">
          <reporter-output>
          </reporter-output>
        </test-method> <!-- validLogin -->
        <test-method status="PASS" signature="getResult(org.testng.ITestResult)[pri:0, instance:com.qa.post.LoginAPITest@3159c4b8]" name="getResult" is-config="true" duration-ms="4" started-at="2019-02-09T17:40:48Z" finished-at="2019-02-09T17:40:48Z">
          <params>
            <param index="0">
              <value>
                <![CDATA[[TestResult name=validLogin status=SUCCESS method=LoginAPITest.validLogin()[pri:0, instance:com.qa.post.LoginAPITest@3159c4b8] output={null}]]]>
              </value>
            </param>
          </params>
          <reporter-output>
          </reporter-output>
        </test-method> <!-- getResult -->
        <test-method status="PASS" signature="tearDown()[pri:0, instance:com.qa.post.LoginAPITest@3159c4b8]" name="tearDown" is-config="true" duration-ms="546" started-at="2019-02-09T17:40:48Z" finished-at="2019-02-09T17:40:48Z">
          <reporter-output>
          </reporter-output>
        </test-method> <!-- tearDown -->
      </class> <!-- com.qa.post.LoginAPITest -->
    </test> <!-- Default test -->
  </suite> <!-- Default suite -->
</testng-results>
